<?xml version="1.0" encoding="UTF-8"?>
<!-- Generated by org.testng.reporters.JUnitReportReporter -->
<testsuite hostname="CDACLAB-148" failures="0" tests="2" name="TextNG.TextNG1" time="0.005" errors="0" timestamp="2024-11-14T19:24:48 IST" skipped="0">
  <testcase classname="TextNG.TextNG1" name="s" time="0.001"/>
  <system-out/>
  <testcase classname="TextNG.TextNG1" name="f" time="0.004"/>
  <system-out/>
</testsuite> <!-- TextNG.TextNG1 -->
